<?xml version="1.0" encoding="UTF-8"?>
<!-- Generated by org.testng.reporters.JUnitXMLReporter -->
<testsuite hostname="DESKTOP-KHTNE4T" ignored="0" name="Default test" tests="2" failures="0" timestamp="10 Jul 2020 01:57:51 GMT" time="48.333" errors="0">
  <testcase name="runScenario" time="24.116" classname="cucumber.api.testng.AbstractTestNGCucumberTests"/>
  <testcase name="runScenario" time="23.958" classname="cucumber.api.testng.AbstractTestNGCucumberTests"/>
</testsuite> <!-- Default test -->
