<?xml version="1.0" encoding="UTF-8"?>
<testng-results skipped="0" failed="0" ignored="0" total="2" passed="2">
  <reporter-output>
  </reporter-output>
  <suite name="Default suite" duration-ms="48333" started-at="2020-07-10T01:57:03Z" finished-at="2020-07-10T01:57:51Z">
    <groups>
      <group name="cucumber">
        <method signature="AbstractTestNGCucumberTests.runScenario(cucumber.api.testng.PickleEventWrapper, cucumber.api.testng.CucumberFeatureWrapper)[pri:0, instance:com.runner.AutomationRunner@45018215]" name="runScenario" class="cucumber.api.testng.AbstractTestNGCucumberTests"/>
      </group> <!-- cucumber -->
    </groups>
    <test name="Default test" duration-ms="48333" started-at="2020-07-10T01:57:03Z" finished-at="2020-07-10T01:57:51Z">
      <class name="com.runner.AutomationRunner">
        <test-method status="PASS" signature="setUpClass()[pri:0, instance:com.runner.AutomationRunner@45018215]" name="setUpClass" is-config="true" duration-ms="155" started-at="2020-07-10T01:57:03Z" finished-at="2020-07-10T01:57:03Z">
          <reporter-output>
          </reporter-output>
        </test-method> <!-- setUpClass -->
        <test-method status="PASS" signature="runScenario(cucumber.api.testng.PickleEventWrapper, cucumber.api.testng.CucumberFeatureWrapper)[pri:0, instance:com.runner.AutomationRunner@45018215]" name="runScenario" duration-ms="24116" started-at="2020-07-10T01:57:03Z" description="Runs Cucumber Scenarios" data-provider="scenarios" finished-at="2020-07-10T01:57:27Z">
          <params>
            <param index="0">
              <value>
                <![CDATA["Automation of Dress Selection"]]>
              </value>
            </param>
            <param index="1">
              <value>
                <![CDATA["Automation Practice"]]>
              </value>
            </param>
          </params>
          <reporter-output>
          </reporter-output>
        </test-method> <!-- runScenario -->
        <test-method status="PASS" signature="runScenario(cucumber.api.testng.PickleEventWrapper, cucumber.api.testng.CucumberFeatureWrapper)[pri:0, instance:com.runner.AutomationRunner@45018215]" name="runScenario" duration-ms="23958" started-at="2020-07-10T01:57:27Z" description="Runs Cucumber Scenarios" data-provider="scenarios" finished-at="2020-07-10T01:57:51Z">
          <params>
            <param index="0">
              <value>
                <![CDATA["Automation of Dress Selection"]]>
              </value>
            </param>
            <param index="1">
              <value>
                <![CDATA["Automation Practice"]]>
              </value>
            </param>
          </params>
          <reporter-output>
          </reporter-output>
        </test-method> <!-- runScenario -->
        <test-method status="PASS" signature="tearDownClass()[pri:0, instance:com.runner.AutomationRunner@45018215]" name="tearDownClass" is-config="true" duration-ms="45" started-at="2020-07-10T01:57:51Z" finished-at="2020-07-10T01:57:51Z">
          <reporter-output>
          </reporter-output>
        </test-method> <!-- tearDownClass -->
      </class> <!-- com.runner.AutomationRunner -->
    </test> <!-- Default test -->
  </suite> <!-- Default suite -->
</testng-results>
